<?xml version="1.0" encoding="UTF-8"?>
<!-- Generated by org.testng.reporters.JUnitReportReporter -->
<testsuite hostname="LAPTOP-BLK7VFFJ" name="AllLinksOnaWebPage.IdentifyAllLinksOnWebPage" tests="1" failures="0" timestamp="25 Dec 2020 10:21:58 GMT" time="33.441" errors="0">
  <testcase name="AllLinks" time="33.441" classname="AllLinksOnaWebPage.IdentifyAllLinksOnWebPage"/>
</testsuite> <!-- AllLinksOnaWebPage.IdentifyAllLinksOnWebPage -->
