<?xml version="1.0" encoding="UTF-8"?>
<!-- Generated by org.testng.reporters.JUnitReportReporter -->
<testsuite hostname="LAPTOP-BLK7VFFJ" name="handlingalerts.AlertPopupHandle" tests="1" failures="0" timestamp="25 Sep 2020 14:03:25 GMT" time="41.392" errors="0">
  <testcase name="AlertHandle" time="41.392" classname="handlingalerts.AlertPopupHandle"/>
</testsuite> <!-- handlingalerts.AlertPopupHandle -->
