<?xml version="1.0" encoding="UTF-8"?>
<!-- Generated by org.testng.reporters.JUnitReportReporter -->
<testsuite hostname="LAPTOP-BLK7VFFJ" name="mousemovement.HandlingMenuSubMenu" tests="1" failures="0" timestamp="23 Jun 2019 11:12:17 GMT" time="89.541" errors="0">
  <testcase name="menusubmenu" time="89.541" classname="mousemovement.HandlingMenuSubMenu"/>
</testsuite> <!-- mousemovement.HandlingMenuSubMenu -->
