<?xml version="1.0" encoding="UTF-8"?>
<!-- Generated by org.testng.reporters.JUnitReportReporter -->
<testsuite hostname="LAPTOP-BLK7VFFJ" name="basicauth.BasicAuth" tests="1" failures="0" timestamp="9 Jul 2019 16:26:06 GMT" time="274.207" errors="0">
  <testcase name="auth" time="274.207" classname="basicauth.BasicAuth"/>
</testsuite> <!-- basicauth.BasicAuth -->
